0 info it worked if it ends with ok
1 verbose cli [ '/usr/bin/nodejs', '/usr/bin/npm', 'run', 'eslint' ]
2 info using npm@3.10.8
3 info using node@v6.9.1
4 verbose run-script [ 'preeslint', 'eslint', 'posteslint' ]
5 info lifecycle server@0.0.2~preeslint: server@0.0.2
6 silly lifecycle server@0.0.2~preeslint: no script for preeslint, continuing
7 info lifecycle server@0.0.2~eslint: server@0.0.2
8 verbose lifecycle server@0.0.2~eslint: unsafe-perm in lifecycle true
9 verbose lifecycle server@0.0.2~eslint: PATH: /usr/lib/node_modules/npm/bin/node-gyp-bin:/home/temich1608/git/RS-Project/node_modules/.bin:/usr/local/sbin:/usr/local/bin:/usr/sbin:/usr/bin:/sbin:/bin:/usr/games:/usr/local/games
10 verbose lifecycle server@0.0.2~eslint: CWD: /home/temich1608/git/RS-Project
11 silly lifecycle server@0.0.2~eslint: Args: [ '-c', 'node_modules/gulp/bin/gulp.js eslint' ]
12 silly lifecycle server@0.0.2~eslint: Returned: code: 1  signal: null
13 info lifecycle server@0.0.2~eslint: Failed to exec eslint script
14 verbose stack Error: server@0.0.2 eslint: `node_modules/gulp/bin/gulp.js eslint`
14 verbose stack Exit status 1
14 verbose stack     at EventEmitter.<anonymous> (/usr/lib/node_modules/npm/lib/utils/lifecycle.js:255:16)
14 verbose stack     at emitTwo (events.js:106:13)
14 verbose stack     at EventEmitter.emit (events.js:191:7)
14 verbose stack     at ChildProcess.<anonymous> (/usr/lib/node_modules/npm/lib/utils/spawn.js:40:14)
14 verbose stack     at emitTwo (events.js:106:13)
14 verbose stack     at ChildProcess.emit (events.js:191:7)
14 verbose stack     at maybeClose (internal/child_process.js:877:16)
14 verbose stack     at Process.ChildProcess._handle.onexit (internal/child_process.js:226:5)
15 verbose pkgid server@0.0.2
16 verbose cwd /home/temich1608/git/RS-Project
17 error Linux 4.2.0-27-generic
18 error argv "/usr/bin/nodejs" "/usr/bin/npm" "run" "eslint"
19 error node v6.9.1
20 error npm  v3.10.8
21 error code ELIFECYCLE
22 error server@0.0.2 eslint: `node_modules/gulp/bin/gulp.js eslint`
22 error Exit status 1
23 error Failed at the server@0.0.2 eslint script 'node_modules/gulp/bin/gulp.js eslint'.
23 error Make sure you have the latest version of node.js and npm installed.
23 error If you do, this is most likely a problem with the server package,
23 error not with npm itself.
23 error Tell the author that this fails on your system:
23 error     node_modules/gulp/bin/gulp.js eslint
23 error You can get information on how to open an issue for this project with:
23 error     npm bugs server
23 error Or if that isn't available, you can get their info via:
23 error     npm owner ls server
23 error There is likely additional logging output above.
24 verbose exit [ 1, true ]
